<?xml version="1.0" encoding="UTF-8"?>
<testsuite xmlns:xsi="http://www.w3.org/2001/XMLSchema-instance" xsi:noNamespaceSchemaLocation="https://maven.apache.org/surefire/maven-surefire-plugin/xsd/surefire-test-report-3.0.xsd" version="3.0" name="BudgetModelBoundaryTest" time="17.874" tests="19" errors="0" skipped="0" failures="0">
  <properties>
    <property name="java.specification.version" value="21"/>
    <property name="sun.cpu.isalist" value="amd64"/>
    <property name="sun.jnu.encoding" value="Cp1252"/>
    <property name="java.class.path" value="C:\Users\TOLANI OKE-STEVE\Downloads\p375test\Ense-375\Prototype3\target\test-classes;C:\Users\TOLANI OKE-STEVE\Downloads\p375test\Ense-375\Prototype3\target\classes;C:\Users\TOLANI OKE-STEVE\.m2\repository\org\junit\jupiter\junit-jupiter\5.10.0\junit-jupiter-5.10.0.jar;C:\Users\TOLANI OKE-STEVE\.m2\repository\org\junit\jupiter\junit-jupiter-api\5.10.0\junit-jupiter-api-5.10.0.jar;C:\Users\TOLANI OKE-STEVE\.m2\repository\org\opentest4j\opentest4j\1.3.0\opentest4j-1.3.0.jar;C:\Users\TOLANI OKE-STEVE\.m2\repository\org\junit\platform\junit-platform-commons\1.10.0\junit-platform-commons-1.10.0.jar;C:\Users\TOLANI OKE-STEVE\.m2\repository\org\apiguardian\apiguardian-api\1.1.2\apiguardian-api-1.1.2.jar;C:\Users\TOLANI OKE-STEVE\.m2\repository\org\junit\jupiter\junit-jupiter-params\5.10.0\junit-jupiter-params-5.10.0.jar;C:\Users\TOLANI OKE-STEVE\.m2\repository\org\junit\jupiter\junit-jupiter-engine\5.10.0\junit-jupiter-engine-5.10.0.jar;C:\Users\TOLANI OKE-STEVE\.m2\repository\org\junit\platform\junit-platform-engine\1.10.0\junit-platform-engine-1.10.0.jar;C:\Users\TOLANI OKE-STEVE\.m2\repository\org\xerial\sqlite-jdbc\3.42.0.0\sqlite-jdbc-3.42.0.0.jar;C:\Users\TOLANI OKE-STEVE\.m2\repository\com\mysql\mysql-connector-j\8.0.33\mysql-connector-j-8.0.33.jar;C:\Users\TOLANI OKE-STEVE\.m2\repository\com\google\protobuf\protobuf-java\3.21.9\protobuf-java-3.21.9.jar;"/>
    <property name="java.vm.vendor" value="Oracle Corporation"/>
    <property name="sun.arch.data.model" value="64"/>
    <property name="user.variant" value=""/>
    <property name="java.vendor.url" value="https://java.oracle.com/"/>
    <property name="mvnd.terminalWidth" value="155"/>
    <property name="user.timezone" value="America/Guatemala"/>
    <property name="os.name" value="Windows 11"/>
    <property name="java.vm.specification.version" value="21"/>
    <property name="sun.java.launcher" value="SUN_STANDARD"/>
    <property name="user.country" value="CA"/>
    <property name="sun.boot.library.path" value="C:\Program Files\Java\jdk-21\bin"/>
    <property name="sun.java.command" value="C:\Users\TOLANI OKE-STEVE\AppData\Local\Temp\surefire14224403580037393650\surefirebooter-20250727010918305_3.jar C:\Users\TOLANI OKE-STEVE\AppData\Local\Temp\surefire14224403580037393650 2025-07-27T01-09-18_140-jvmRun1 surefire-20250727010918305_1tmp surefire_0-20250727010918305_2tmp"/>
    <property name="jdk.debug" value="release"/>
    <property name="surefire.test.class.path" value="C:\Users\TOLANI OKE-STEVE\Downloads\p375test\Ense-375\Prototype3\target\test-classes;C:\Users\TOLANI OKE-STEVE\Downloads\p375test\Ense-375\Prototype3\target\classes;C:\Users\TOLANI OKE-STEVE\.m2\repository\org\junit\jupiter\junit-jupiter\5.10.0\junit-jupiter-5.10.0.jar;C:\Users\TOLANI OKE-STEVE\.m2\repository\org\junit\jupiter\junit-jupiter-api\5.10.0\junit-jupiter-api-5.10.0.jar;C:\Users\TOLANI OKE-STEVE\.m2\repository\org\opentest4j\opentest4j\1.3.0\opentest4j-1.3.0.jar;C:\Users\TOLANI OKE-STEVE\.m2\repository\org\junit\platform\junit-platform-commons\1.10.0\junit-platform-commons-1.10.0.jar;C:\Users\TOLANI OKE-STEVE\.m2\repository\org\apiguardian\apiguardian-api\1.1.2\apiguardian-api-1.1.2.jar;C:\Users\TOLANI OKE-STEVE\.m2\repository\org\junit\jupiter\junit-jupiter-params\5.10.0\junit-jupiter-params-5.10.0.jar;C:\Users\TOLANI OKE-STEVE\.m2\repository\org\junit\jupiter\junit-jupiter-engine\5.10.0\junit-jupiter-engine-5.10.0.jar;C:\Users\TOLANI OKE-STEVE\.m2\repository\org\junit\platform\junit-platform-engine\1.10.0\junit-platform-engine-1.10.0.jar;C:\Users\TOLANI OKE-STEVE\.m2\repository\org\xerial\sqlite-jdbc\3.42.0.0\sqlite-jdbc-3.42.0.0.jar;C:\Users\TOLANI OKE-STEVE\.m2\repository\com\mysql\mysql-connector-j\8.0.33\mysql-connector-j-8.0.33.jar;C:\Users\TOLANI OKE-STEVE\.m2\repository\com\google\protobuf\protobuf-java\3.21.9\protobuf-java-3.21.9.jar;"/>
    <property name="sun.cpu.endian" value="little"/>
    <property name="user.home" value="C:\Users\TOLANI OKE-STEVE"/>
    <property name="user.language" value="en"/>
    <property name="java.specification.vendor" value="Oracle Corporation"/>
    <property name="java.version.date" value="2025-01-21"/>
    <property name="java.home" value="C:\Program Files\Java\jdk-21"/>
    <property name="file.separator" value="\"/>
    <property name="basedir" value="C:\Users\TOLANI OKE-STEVE\Downloads\p375test\Ense-375\Prototype3"/>
    <property name="style.color" value="always"/>
    <property name="java.vm.compressedOopsMode" value="32-bit"/>
    <property name="line.separator" value="&#10;"/>
    <property name="java.vm.specification.vendor" value="Oracle Corporation"/>
    <property name="java.specification.name" value="Java Platform API Specification"/>
    <property name="surefire.real.class.path" value="C:\Users\TOLANI OKE-STEVE\AppData\Local\Temp\surefire14224403580037393650\surefirebooter-20250727010918305_3.jar"/>
    <property name="user.script" value=""/>
    <property name="sun.management.compiler" value="HotSpot 64-Bit Tiered Compilers"/>
    <property name="java.runtime.version" value="21.0.6+8-LTS-188"/>
    <property name="user.name" value="TOLANI OKE-STEVE"/>
    <property name="stdout.encoding" value="Cp1252"/>
    <property name="path.separator" value=";"/>
    <property name="os.version" value="10.0"/>
    <property name="java.runtime.name" value="Java(TM) SE Runtime Environment"/>
    <property name="file.encoding" value="UTF-8"/>
    <property name="java.vm.name" value="Java HotSpot(TM) 64-Bit Server VM"/>
    <property name="localRepository" value="C:\Users\TOLANI OKE-STEVE\.m2\repository"/>
    <property name="java.vendor.url.bug" value="https://bugreport.java.com/bugreport/"/>
    <property name="java.io.tmpdir" value="C:\Users\TOLANI~1\AppData\Local\Temp\"/>
    <property name="java.version" value="21.0.6"/>
    <property name="user.dir" value="C:\Users\TOLANI OKE-STEVE\Downloads\p375test\Ense-375\Prototype3"/>
    <property name="os.arch" value="amd64"/>
    <property name="maven.multiModuleProjectDirectory" value="C:\Users\TOLANI OKE-STEVE\Downloads\p375test\Ense-375\Prototype3"/>
    <property name="java.vm.specification.name" value="Java Virtual Machine Specification"/>
    <property name="sun.os.patch.level" value=""/>
    <property name="native.encoding" value="Cp1252"/>
    <property name="java.library.path" value="C:\Program Files\Java\jdk-21\bin;C:\WINDOWS\Sun\Java\bin;C:\WINDOWS\system32;C:\WINDOWS;C:\Program Files (x86)\Common Files\Oracle\Java\java8path;C:\Program Files (x86)\Common Files\Oracle\Java\javapath;C:\Windows\system32;C:\Windows;C:\Windows\System32\Wbem;C:\Windows\System32\WindowsPowerShell\v1.0\;C:\Windows\System32\OpenSSH\;C:\Program Files (x86)\NVIDIA Corporation\PhysX\Common;C:\WINDOWS\system32;C:\WINDOWS;C:\WINDOWS\System32\Wbem;C:\WINDOWS\System32\WindowsPowerShell\v1.0\;C:\WINDOWS\System32\OpenSSH\;C:\Program Files\Microsoft VS Code\bin;C:\Program Files\Git\cmd;C:\Program Files\PuTTY\;C:\Program Files\nodejs\;C:\Program Files\Docker\Docker\resources\bin;C:\Program Files\NVIDIA Corporation\NVIDIA app\NvDLISR;C:\Program Files\dotnet\;C:\Users\TOLANI OKE-STEVE\Downloads\maven-mvnd-1.0.2-windows-amd64\maven-mvnd-1.0.2-windows-amd64\bin;C:\Users\TOLANI OKE-STEVE\AppData\Local\Programs\Eclipse Adoptium\jdk-21.0.7.6-hotspot\bin;C:\Users\TOLANI OKE-STEVE/.local/bin;C:\Users\TOLANI OKE-STEVE\.cargo\bin;C:\Users\TOLANI OKE-STEVE\AppData\Local\Microsoft\WindowsApps;C:\Users\TOLANI OKE-STEVE\AppData\Local\Programs\Microsoft VS Code\bin;C:\Users\TOLANI OKE-STEVE\AppData\Roaming\npm;C:\intelFPGA\20.1\modelsim_ase\win32aloem;C:\Users\TOLANI OKE-STEVE\AppData\Local\Microsoft\WindowsApps;C:\Users\TOLANI OKE-STEVE\Downloads\maven-mvnd-1.0.2-windows-amd64\maven-mvnd-1.0.2-windows-amd64\bin;C:\Program Files\Java\jdk-24\bin;C:\Program Files\OpenVPN\bin;C:\Users\TOLANI OKE-STEVE\Downloads\flutter\flutter\bin;c:\Users\TOLANI OKE-STEVE\.vscode\extensions\ms-python.debugpy-2025.10.0-win32-x64\bundled\scripts\noConfigScripts;c:\Users\TOLANI OKE-STEVE\AppData\Roaming\Code\User\globalStorage\github.copilot-chat\debugCommand;."/>
    <property name="java.vm.info" value="mixed mode, sharing"/>
    <property name="stderr.encoding" value="Cp1252"/>
    <property name="java.vendor" value="Oracle Corporation"/>
    <property name="java.vm.version" value="21.0.6+8-LTS-188"/>
    <property name="sun.io.unicode.encoding" value="UnicodeLittle"/>
    <property name="java.class.version" value="65.0"/>
  </properties>
  <testcase name="testCase1" classname="BudgetModelBoundaryTest" time="1.222">
    <system-out><![CDATA[ Connected successfully to university DB!
Running test case 1: Amount = -1.0 (min - 1)
]]></system-out>
  </testcase>
  <testcase name="testCase2" classname="BudgetModelBoundaryTest" time="0.907">
    <system-out><![CDATA[ Connected successfully to university DB!
Running test case 2: Amount = 0.0 (min)
]]></system-out>
  </testcase>
  <testcase name="testCase3" classname="BudgetModelBoundaryTest" time="0.926">
    <system-out><![CDATA[ Connected successfully to university DB!
Running test case 3: Amount = 1.0 (min + 1)
]]></system-out>
  </testcase>
  <testcase name="testCase4" classname="BudgetModelBoundaryTest" time="0.94">
    <system-out><![CDATA[ Connected successfully to university DB!
Running test case 4: Amount = 5000.0 (nominal)
]]></system-out>
  </testcase>
  <testcase name="testCase5" classname="BudgetModelBoundaryTest" time="0.985">
    <system-out><![CDATA[ Connected successfully to university DB!
Running test case 5: Amount = 9998.0 (max - 1)
]]></system-out>
  </testcase>
  <testcase name="testCase6" classname="BudgetModelBoundaryTest" time="0.976">
    <system-out><![CDATA[ Connected successfully to university DB!
Running test case 6: Amount = 9999.0 (max)
]]></system-out>
  </testcase>
  <testcase name="testCase7" classname="BudgetModelBoundaryTest" time="0.924">
    <system-out><![CDATA[ Connected successfully to university DB!
Running test case 7: Amount = 10000.0 (max + 1)
]]></system-out>
  </testcase>
  <testcase name="testCase8" classname="BudgetModelBoundaryTest" time="0.832">
    <system-out><![CDATA[ Connected successfully to university DB!
Running test case 8: Invalid type = 'salary'
]]></system-out>
  </testcase>
  <testcase name="testCase9" classname="BudgetModelBoundaryTest" time="1.01">
    <system-out><![CDATA[ Connected successfully to university DB!
Running test case 9: Valid expense 'food'
]]></system-out>
  </testcase>
  <testcase name="testCase10" classname="BudgetModelBoundaryTest" time="0.861">
    <system-out><![CDATA[ Connected successfully to university DB!
Running test case 10: Invalid category 'luxury'
Invalid category: luxury
]]></system-out>
  </testcase>
  <testcase name="testCase11" classname="BudgetModelBoundaryTest" time="0.952">
    <system-out><![CDATA[ Connected successfully to university DB!
Running test case 11: Valid income with 'rent' as source
]]></system-out>
  </testcase>
  <testcase name="testCase12" classname="BudgetModelBoundaryTest" time="0.936">
    <system-out><![CDATA[ Connected successfully to university DB!
Running test case 12: Valid income with 'other' as source
]]></system-out>
  </testcase>
  <testcase name="testCase13" classname="BudgetModelBoundaryTest" time="0.96">
    <system-out><![CDATA[ Connected successfully to university DB!
Running test case 13: Valid expense 'transport'
]]></system-out>
  </testcase>
  <testcase name="testCase14" classname="BudgetModelBoundaryTest" time="0.868">
    <system-out><![CDATA[ Connected successfully to university DB!
Running test case 14: Invalid type job
]]></system-out>
  </testcase>
  <testcase name="testCase15" classname="BudgetModelBoundaryTest" time="0.82">
    <system-out><![CDATA[ Connected successfully to university DB!
Running test case 15: Invalid type 'EXPENSE'
]]></system-out>
  </testcase>
  <testcase name="testCase16" classname="BudgetModelBoundaryTest" time="0.969">
    <system-out><![CDATA[ Connected successfully to university DB!
Running test case 16: Valid category 'healthcare'
]]></system-out>
  </testcase>
  <testcase name="testCase17" classname="BudgetModelBoundaryTest" time="0.888">
    <system-out><![CDATA[ Connected successfully to university DB!
Running test case 17: Valid expense 'entertainment'
]]></system-out>
  </testcase>
  <testcase name="testCase18" classname="BudgetModelBoundaryTest" time="0.916">
    <system-out><![CDATA[ Connected successfully to university DB!
Running test case 18: Valid income with 'utilities' as source
]]></system-out>
  </testcase>
  <testcase name="testCase19" classname="BudgetModelBoundaryTest" time="0.937">
    <system-out><![CDATA[ Connected successfully to university DB!
Running test case 19: Valid income with 'income' as source
]]></system-out>
  </testcase>
</testsuite>